# exp-k-dryrun.sh: B" epic state machine dry-run simulation
# 2026-06-21T08:14:46Z
# Simulating 12 kind:epic tasks through full lifecycle

--- Simulating EPIC-DRYRUN-01 ---
  EPIC-DRYRUN-01:  → Epic: Proposal
  EPIC-DRYRUN-01: Epic: Proposal → Epic: Plan
  EPIC-DRYRUN-01: Epic: Plan → Epic: Decomposing
  EPIC-DRYRUN-01: Epic: Decomposing → Epic: Awaiting Children
  EPIC-DRYRUN-01: Epic: Awaiting Children → Epic: Evaluating
  EPIC-DRYRUN-01: Epic: Evaluating → Epic: Done
  Decomposing: creating child EPIC-DRYRUN-01.1 (kind:basic)
  EPIC-DRYRUN-01.1:  → Basic: Backlog
  EPIC-DRYRUN-01.1: Basic: Backlog → Basic: Ready
  EPIC-DRYRUN-01.1: Basic: Ready → Basic: In Progress
  EPIC-DRYRUN-01.1: Basic: In Progress → Basic: Done
  notifyParentIfAny(EPIC-DRYRUN-01.1) → EPIC-DRYRUN-01 (child Basic: Done)
terminal:EPIC-DRYRUN-01

--- Simulating EPIC-DRYRUN-02 ---
  EPIC-DRYRUN-02:  → Epic: Proposal
  EPIC-DRYRUN-02: Epic: Proposal → Epic: Plan
  EPIC-DRYRUN-02: Epic: Plan → Epic: Decomposing
  EPIC-DRYRUN-02: Epic: Decomposing → Epic: Awaiting Children
  EPIC-DRYRUN-02: Epic: Awaiting Children → Epic: Evaluating
  EPIC-DRYRUN-02: Epic: Evaluating → Epic: Done
  Decomposing: creating child EPIC-DRYRUN-02.1 (kind:basic)
  EPIC-DRYRUN-02.1:  → Basic: Backlog
  EPIC-DRYRUN-02.1: Basic: Backlog → Basic: Ready
  EPIC-DRYRUN-02.1: Basic: Ready → Basic: In Progress
  EPIC-DRYRUN-02.1: Basic: In Progress → Basic: Done
  notifyParentIfAny(EPIC-DRYRUN-02.1) → EPIC-DRYRUN-02 (child Basic: Done)
terminal:EPIC-DRYRUN-02

--- Simulating EPIC-DRYRUN-03 ---
  EPIC-DRYRUN-03:  → Epic: Proposal
  EPIC-DRYRUN-03: Epic: Proposal → Epic: Plan
  EPIC-DRYRUN-03: Epic: Plan → Epic: Decomposing
  EPIC-DRYRUN-03: Epic: Decomposing → Epic: Awaiting Children
  EPIC-DRYRUN-03: Epic: Awaiting Children → Epic: Evaluating
  EPIC-DRYRUN-03: Epic: Evaluating → Epic: Done
  Decomposing: creating child EPIC-DRYRUN-03.1 (kind:basic)
  EPIC-DRYRUN-03.1:  → Basic: Backlog
  EPIC-DRYRUN-03.1: Basic: Backlog → Basic: Ready
  EPIC-DRYRUN-03.1: Basic: Ready → Basic: In Progress
  EPIC-DRYRUN-03.1: Basic: In Progress → Basic: Done
  notifyParentIfAny(EPIC-DRYRUN-03.1) → EPIC-DRYRUN-03 (child Basic: Done)
terminal:EPIC-DRYRUN-03

--- Simulating EPIC-DRYRUN-04 ---
  EPIC-DRYRUN-04:  → Epic: Proposal
  EPIC-DRYRUN-04: Epic: Proposal → Epic: Plan
  EPIC-DRYRUN-04: Epic: Plan → Epic: Decomposing
  EPIC-DRYRUN-04: Epic: Decomposing → Epic: Awaiting Children
  EPIC-DRYRUN-04: Epic: Awaiting Children → Epic: Evaluating
  EPIC-DRYRUN-04: Epic: Evaluating → Epic: Done
  Decomposing: creating child EPIC-DRYRUN-04.1 (kind:basic)
  EPIC-DRYRUN-04.1:  → Basic: Backlog
  EPIC-DRYRUN-04.1: Basic: Backlog → Basic: Ready
  EPIC-DRYRUN-04.1: Basic: Ready → Basic: In Progress
  EPIC-DRYRUN-04.1: Basic: In Progress → Basic: Done
  notifyParentIfAny(EPIC-DRYRUN-04.1) → EPIC-DRYRUN-04 (child Basic: Done)
terminal:EPIC-DRYRUN-04

--- Simulating EPIC-DRYRUN-05 ---
  EPIC-DRYRUN-05:  → Epic: Proposal
  EPIC-DRYRUN-05: Epic: Proposal → Epic: Plan
  EPIC-DRYRUN-05: Epic: Plan → Epic: Decomposing
  EPIC-DRYRUN-05: Epic: Decomposing → Epic: Awaiting Children
  EPIC-DRYRUN-05: Epic: Awaiting Children → Epic: Evaluating
  EPIC-DRYRUN-05: Epic: Evaluating → Epic: Done
  Decomposing: creating child EPIC-DRYRUN-05.1 (kind:basic)
  EPIC-DRYRUN-05.1:  → Basic: Backlog
  EPIC-DRYRUN-05.1: Basic: Backlog → Basic: Ready
  EPIC-DRYRUN-05.1: Basic: Ready → Basic: In Progress
  EPIC-DRYRUN-05.1: Basic: In Progress → Basic: Done
  notifyParentIfAny(EPIC-DRYRUN-05.1) → EPIC-DRYRUN-05 (child Basic: Done)
terminal:EPIC-DRYRUN-05

--- Simulating EPIC-DRYRUN-06 ---
  EPIC-DRYRUN-06:  → Epic: Proposal
  EPIC-DRYRUN-06: Epic: Proposal → Epic: Plan
  EPIC-DRYRUN-06: Epic: Plan → Epic: Decomposing
  EPIC-DRYRUN-06: Epic: Decomposing → Epic: Awaiting Children
  EPIC-DRYRUN-06: Epic: Awaiting Children → Epic: Evaluating
  EPIC-DRYRUN-06: Epic: Evaluating → Epic: Done
  Decomposing: creating child EPIC-DRYRUN-06.1 (kind:basic)
  EPIC-DRYRUN-06.1:  → Basic: Backlog
  EPIC-DRYRUN-06.1: Basic: Backlog → Basic: Ready
  EPIC-DRYRUN-06.1: Basic: Ready → Basic: In Progress
  EPIC-DRYRUN-06.1: Basic: In Progress → Basic: Done
  notifyParentIfAny(EPIC-DRYRUN-06.1) → EPIC-DRYRUN-06 (child Basic: Done)
terminal:EPIC-DRYRUN-06

--- Simulating EPIC-DRYRUN-07 ---
  EPIC-DRYRUN-07:  → Epic: Proposal
  EPIC-DRYRUN-07: Epic: Proposal → Epic: Plan
  EPIC-DRYRUN-07: Epic: Plan → Epic: Decomposing
  EPIC-DRYRUN-07: Epic: Decomposing → Epic: Awaiting Children
  EPIC-DRYRUN-07: Epic: Awaiting Children → Epic: Evaluating
  EPIC-DRYRUN-07: Epic: Evaluating → Epic: Done
  Decomposing: creating child EPIC-DRYRUN-07.1 (kind:basic)
  EPIC-DRYRUN-07.1:  → Basic: Backlog
  EPIC-DRYRUN-07.1: Basic: Backlog → Basic: Ready
  EPIC-DRYRUN-07.1: Basic: Ready → Basic: In Progress
  EPIC-DRYRUN-07.1: Basic: In Progress → Basic: Done
  notifyParentIfAny(EPIC-DRYRUN-07.1) → EPIC-DRYRUN-07 (child Basic: Done)
terminal:EPIC-DRYRUN-07

--- Simulating EPIC-DRYRUN-08 ---
  EPIC-DRYRUN-08:  → Epic: Proposal
  EPIC-DRYRUN-08: Epic: Proposal → Epic: Plan
  EPIC-DRYRUN-08: Epic: Plan → Epic: Decomposing
  EPIC-DRYRUN-08: Epic: Decomposing → Epic: Awaiting Children
  EPIC-DRYRUN-08: Epic: Awaiting Children → Epic: Evaluating
  EPIC-DRYRUN-08: Epic: Evaluating → Epic: Done
  Decomposing: creating child EPIC-DRYRUN-08.1 (kind:basic)
  EPIC-DRYRUN-08.1:  → Basic: Backlog
  EPIC-DRYRUN-08.1: Basic: Backlog → Basic: Ready
  EPIC-DRYRUN-08.1: Basic: Ready → Basic: In Progress
  EPIC-DRYRUN-08.1: Basic: In Progress → Basic: Done
  notifyParentIfAny(EPIC-DRYRUN-08.1) → EPIC-DRYRUN-08 (child Basic: Done)
terminal:EPIC-DRYRUN-08

--- Simulating EPIC-DRYRUN-09 ---
  EPIC-DRYRUN-09:  → Epic: Proposal
  EPIC-DRYRUN-09: Epic: Proposal → Epic: Plan
  EPIC-DRYRUN-09: Epic: Plan → Epic: Decomposing
  EPIC-DRYRUN-09: Epic: Decomposing → Epic: Awaiting Children
  EPIC-DRYRUN-09: Epic: Awaiting Children → Epic: Evaluating
  EPIC-DRYRUN-09: Epic: Evaluating → Epic: Done
  Decomposing: creating child EPIC-DRYRUN-09.1 (kind:basic)
  EPIC-DRYRUN-09.1:  → Basic: Backlog
  EPIC-DRYRUN-09.1: Basic: Backlog → Basic: Ready
  EPIC-DRYRUN-09.1: Basic: Ready → Basic: In Progress
  EPIC-DRYRUN-09.1: Basic: In Progress → Basic: Done
  notifyParentIfAny(EPIC-DRYRUN-09.1) → EPIC-DRYRUN-09 (child Basic: Done)
terminal:EPIC-DRYRUN-09

--- Simulating EPIC-DRYRUN-10 ---
  EPIC-DRYRUN-10:  → Epic: Proposal
  EPIC-DRYRUN-10: Epic: Proposal → Epic: Plan
  EPIC-DRYRUN-10: Epic: Plan → Epic: Decomposing
  EPIC-DRYRUN-10: Epic: Decomposing → Epic: Awaiting Children
  EPIC-DRYRUN-10: Epic: Awaiting Children → Epic: Evaluating
  EPIC-DRYRUN-10: Epic: Evaluating → Epic: Done
  Decomposing: creating child EPIC-DRYRUN-10.1 (kind:basic)
  EPIC-DRYRUN-10.1:  → Basic: Backlog
  EPIC-DRYRUN-10.1: Basic: Backlog → Basic: Ready
  EPIC-DRYRUN-10.1: Basic: Ready → Basic: In Progress
  EPIC-DRYRUN-10.1: Basic: In Progress → Basic: Done
  notifyParentIfAny(EPIC-DRYRUN-10.1) → EPIC-DRYRUN-10 (child Basic: Done)
terminal:EPIC-DRYRUN-10

--- Simulating EPIC-DRYRUN-11 ---
  EPIC-DRYRUN-11:  → Epic: Proposal
  EPIC-DRYRUN-11: Epic: Proposal → Epic: Plan
  EPIC-DRYRUN-11: Epic: Plan → Epic: Decomposing
  EPIC-DRYRUN-11: Epic: Decomposing → Epic: Awaiting Children
  EPIC-DRYRUN-11: Epic: Awaiting Children → Epic: Evaluating
  EPIC-DRYRUN-11: Epic: Evaluating → Epic: Done
  Decomposing: creating child EPIC-DRYRUN-11.1 (kind:basic)
  EPIC-DRYRUN-11.1:  → Basic: Backlog
  EPIC-DRYRUN-11.1: Basic: Backlog → Basic: Ready
  EPIC-DRYRUN-11.1: Basic: Ready → Basic: In Progress
  EPIC-DRYRUN-11.1: Basic: In Progress → Basic: Done
  notifyParentIfAny(EPIC-DRYRUN-11.1) → EPIC-DRYRUN-11 (child Basic: Done)
terminal:EPIC-DRYRUN-11

--- Simulating EPIC-DRYRUN-12 ---
  EPIC-DRYRUN-12:  → Epic: Proposal
  EPIC-DRYRUN-12: Epic: Proposal → Epic: Plan
  EPIC-DRYRUN-12: Epic: Plan → Epic: Decomposing
  EPIC-DRYRUN-12: Epic: Decomposing → Epic: Awaiting Children
  EPIC-DRYRUN-12: Epic: Awaiting Children → Epic: Evaluating
  EPIC-DRYRUN-12: Epic: Evaluating → Epic: Done
  Decomposing: creating child EPIC-DRYRUN-12.1 (kind:basic)
  EPIC-DRYRUN-12.1:  → Basic: Backlog
  EPIC-DRYRUN-12.1: Basic: Backlog → Basic: Ready
  EPIC-DRYRUN-12.1: Basic: Ready → Basic: In Progress
  EPIC-DRYRUN-12.1: Basic: In Progress → Basic: Done
  notifyParentIfAny(EPIC-DRYRUN-12.1) → EPIC-DRYRUN-12 (child Basic: Done)
terminal:EPIC-DRYRUN-12

=== Dry-run summary ===
Terminals: 12 / 12
Column-overlap-violations (unexpected): 0

PASS: 12/12 epics reached terminal state, 0 unexpected violations
